app/build/outputs/mapping/appProdRelease/seeds.txt
com.app.update.softwareupdatekkappsstudio.fragments.WifiFragment
com.app.update.softwareupdatekkappsstudio.fragments.ExitDialogFragment
com.app.update.softwareupdatekkappsstudio.WifiDetailsActivity
com.app.update.softwareupdatekkappsstudio.fragments.AppsUninstallFragment
com.app.update.softwareupdatekkappsstudio.IntroActivity
com.app.update.softwareupdatekkappsstudio.fragments.AppCountFragment
com.app.update.softwareupdatekkappsstudio.fragments.PrivacyFragment
com.app.update.softwareupdatekkappsstudio.HomeActivity
com.app.update.softwareupdatekkappsstudio.StartActivity
com.app.update.softwareupdatekkappsstudio.fragments.AndroidUpdateFragment
com.app.update.softwareupdatekkappsstudio.ads.RemoteConfigModel
com.app.update.softwareupdatekkappsstudio.fragments.DeviceInfoFragment
com.app.update.softwareupdatekkappsstudio.practice.WifiActivity
com.app.update.softwareupdatekkappsstudio.ads.MyApp
com.app.update.softwareupdatekkappsstudio.ads.RemoteConfigModel: java.lang.Boolean app_open_l
com.app.update.softwareupdatekkappsstudio.ads.RemoteConfigModel: java.lang.Boolean admob_banner_id
com.app.update.softwareupdatekkappsstudio.ads.RemoteConfigModel: java.lang.Boolean admob_splashinterstitial
com.app.update.softwareupdatekkappsstudio.ads.RemoteConfigModel: java.lang.Boolean admob_interal
com.app.update.softwareupdatekkappsstudio.ads.RemoteConfigModel: int hashCode()
com.app.update.softwareupdatekkappsstudio.ads.RemoteConfigModel: java.lang.Boolean component4()
com.app.update.softwareupdatekkappsstudio.fragments.AndroidUpdateFragment: AndroidUpdateFragment()
com.app.update.softwareupdatekkappsstudio.ads.RemoteConfigModel: java.lang.Boolean component3()
com.app.update.softwareupdatekkappsstudio.ads.RemoteConfigModel: java.lang.Boolean getAdmob_splashinterstitial()
com.app.update.softwareupdatekkappsstudio.ads.RemoteConfigModel: java.lang.Boolean getApp_open_l()
com.app.update.softwareupdatekkappsstudio.ads.RemoteConfigModel: java.lang.Boolean getAdmob_banner_id()
com.app.update.softwareupdatekkappsstudio.ads.RemoteConfigModel: java.lang.Boolean component1()
com.app.update.softwareupdatekkappsstudio.ads.RemoteConfigModel: RemoteConfigModel()
com.app.update.softwareupdatekkappsstudio.fragments.AppsUninstallFragment: AppsUninstallFragment()
com.app.update.softwareupdatekkappsstudio.ads.RemoteConfigModel: com.app.update.softwareupdatekkappsstudio.ads.RemoteConfigModel copy(java.lang.Boolean,java.lang.Boolean,java.lang.Boolean,java.lang.Boolean)
com.app.update.softwareupdatekkappsstudio.fragments.PrivacyFragment: PrivacyFragment()
com.app.update.softwareupdatekkappsstudio.fragments.AppCountFragment: AppCountFragment()
com.app.update.softwareupdatekkappsstudio.fragments.WifiFragment: WifiFragment()
com.app.update.softwareupdatekkappsstudio.HomeActivity: HomeActivity()
com.app.update.softwareupdatekkappsstudio.ads.RemoteConfigModel: java.lang.Boolean component2()
com.app.update.softwareupdatekkappsstudio.ads.MyApp: MyApp()
com.app.update.softwareupdatekkappsstudio.ads.RemoteConfigModel: void setAdmob_splashinterstitial(java.lang.Boolean)
com.app.update.softwareupdatekkappsstudio.StartActivity: StartActivity()
com.app.update.softwareupdatekkappsstudio.ads.RemoteConfigModel: RemoteConfigModel(java.lang.Boolean,java.lang.Boolean,java.lang.Boolean,java.lang.Boolean,int,kotlin.jvm.internal.DefaultConstructorMarker)
com.app.update.softwareupdatekkappsstudio.ads.RemoteConfigModel: void setAdmob_banner_id(java.lang.Boolean)
com.app.update.softwareupdatekkappsstudio.WifiDetailsActivity: WifiDetailsActivity()
com.app.update.softwareupdatekkappsstudio.ads.RemoteConfigModel: com.app.update.softwareupdatekkappsstudio.ads.RemoteConfigModel copy$default(com.app.update.softwareupdatekkappsstudio.ads.RemoteConfigModel,java.lang.Boolean,java.lang.Boolean,java.lang.Boolean,java.lang.Boolean,int,java.lang.Object)
com.app.update.softwareupdatekkappsstudio.ads.RemoteConfigModel: void setApp_open_l(java.lang.Boolean)
...
com.airbnb.lottie.model.content.PolystarShape$Type: com.airbnb.lottie.model.content.PolystarShape$Type[] values()
androidx.core.view.ViewCompat$Api17Impl: boolean isPaddingRelative(android.view.View)
androidx.work.ListenableWorker: void setUsed()
com.google.android.material.textfield.TextInputLayout: void setPasswordVisibilityToggleTintMode(android.graphics.PorterDuff$Mode)
androidx.core.view.WindowInsetsCompat$BuilderImpl: void setMandatorySystemGestureInsets(androidx.core.graphics.Insets)
androidx.appcompat.widget.LinearLayoutCompat: void setVerticalGravity(int)
com.google.android.material.textfield.TextInputLayout: android.content.res.ColorStateList getCursorColor()
androidx.work.BackoffPolicy: androidx.work.BackoffPolicy[] values()
androidx.core.app.NotificationCompatBuilder$Api20Impl: java.lang.String getGroup(android.app.Notification)
com.google.android.material.textfield.TextInputLayout: void setErrorAccessibilityLiveRegion(int)
com.google.android.material.transformation.FabTransformationScrimBehavior: FabTransformationScrimBehavior()
androidx.appcompat.widget.Toolbar: Toolbar(android.content.Context,android.util.AttributeSet)
com.google.android.material.floatingactionbutton.FloatingActionButton: void setExpandedComponentIdHint(int)
com.bumptech.glide.request.SingleRequest$Status: com.bumptech.glide.request.SingleRequest$Status valueOf(java.lang.String)
com.google.android.material.checkbox.MaterialCheckBox: void setChecked(boolean)
androidx.work.ListenableWorker: int getRunAttemptCount()
androidx.core.view.ViewCompat$Api16Impl: void postOnAnimation(android.view.View,java.lang.Runnable)
androidx.appcompat.widget.AppCompatCheckedTextView: void setBackgroundResource(int)
com.google.android.material.textfield.TextInputLayout: float getBoxCornerRadiusTopStart()
com.google.android.gms.ads.formats.MediaView: void setImageScaleType(android.widget.ImageView$ScaleType)
androidx.core.app.NotificationCompatBuilder$Api21Impl: android.app.Notification$Builder setColor(android.app.Notification$Builder,int)
androidx.recyclerview.widget.RecyclerView: void setAccessibilityDelegateCompat(androidx.recyclerview.widget.RecyclerViewAccessibilityDelegate)
com.facebook.common.time.AwakeTimeSinceBootClock: com.facebook.common.time.AwakeTimeSinceBootClock get()
com.google.android.material.navigation.NavigationBarItemView: void setItemBackground(android.graphics.drawable.Drawable)
com.google.protobuf.WireFormat$FieldType: com.google.protobuf.WireFormat$FieldType[] values()
com.google.android.gms.measurement.internal.AppMeasurementDynamiteService: void setInstanceIdProvider(com.google.android.gms.internal.measurement.zzck)
io.grpc.MethodDescriptor$MethodType: io.grpc.MethodDescriptor$MethodType valueOf(java.lang.String)
androidx.drawerlayout.widget.DrawerLayout: void setStatusBarBackground(int)
androidx.coordinatorlayout.widget.CoordinatorLayout: android.graphics.drawable.Drawable getStatusBarBackground()
com.google.android.material.button.MaterialButton: void setSupportBackgroundTintList(android.content.res.ColorStateList)
androidx.appcompat.widget.AppCompatTextViewAutoSizeHelper$Api18Impl: boolean isInLayout(android.view.View)
androidx.appcompat.widget.ContentFrameLayout: android.util.TypedValue getMinWidthMinor()
androidx.appcompat.widget.AppCompatCheckBox: void setSupportBackgroundTintMode(android.graphics.PorterDuff$Mode)
androidx.core.os.CancellationSignal$Api16Impl: android.os.CancellationSignal createCancellationSignal()
androidx.activity.Api34Impl: int swipeEdge(android.window.BackEvent)
com.google.android.material.internal.CheckableImageButton: void setCheckable(boolean)
com.google.android.material.internal.NavigationMenuItemView: void setTextColor(android.content.res.ColorStateList)
com.google.android.gms.ads.mediation.customevent.CustomEventBanner: void onPause()
androidx.appcompat.widget.SearchView: int getMaxWidth()
androidx.core.widget.TextViewCompat$Api16Impl: boolean getIncludeFontPadding(android.widget.TextView)